<?xml version="1.0" encoding="UTF-8"?>
<!-- Generated by org.testng.reporters.JUnitReportReporter -->
<testsuite hostname="LHTU05CG7390JDQ" name="com.testCases.LogTimestampValidation" tests="1" failures="0" timestamp="6 Sep 2021 08:18:15 GMT" time="0.127" errors="0">
  <testcase name="test" time="0.127" classname="com.testCases.LogTimestampValidation"/>
</testsuite> <!-- com.testCases.LogTimestampValidation -->
